<?xml version="1.0" encoding="UTF-8"?>
<!-- Generated by org.testng.reporters.JUnitReportReporter -->
<testsuite hostname="DESKTOP-LLLGMOJ" failures="0" tests="2" name="testscripts.TestOrangeHrmPim" time="20.136" errors="0" timestamp="19 Jan 2023 13:41:00 GMT" skipped="0">
  <testcase classname="testscripts.TestOrangeHrmPim" name="testPimCreation" time="11.526"/>
  <testcase classname="testscripts.TestOrangeHrmPim" name="testPimDeletion" time="8.610"/>
</testsuite> <!-- testscripts.TestOrangeHrmPim -->
