<?xml version="1.0" encoding="UTF-8"?>
<!-- Generated by org.testng.reporters.JUnitReportReporter -->
<testsuite hostname="DESKTOP-LLLGMOJ" failures="0" tests="7" name="runner.TestRunner" time="67.122" errors="0" timestamp="14 Feb 2023 14:25:16 GMT">
  <testcase classname="runner.TestRunner" name="runScenario" time="11.774"/>
  <testcase classname="runner.TestRunner" name="runScenario" time="6.732"/>
  <testcase classname="runner.TestRunner" name="runScenario" time="9.508"/>
  <testcase classname="runner.TestRunner" name="runScenario" time="14.186"/>
  <testcase classname="runner.TestRunner" name="runScenario" time="9.821"/>
  <testcase classname="runner.TestRunner" name="runScenario" time="6.086"/>
  <testcase classname="runner.TestRunner" name="runScenario" time="9.015"/>
</testsuite> <!-- runner.TestRunner -->
